<?xml version="1.0" encoding="UTF-8"?>
<!-- Generated by org.testng.reporters.JUnitReportReporter -->
<testsuite hostname="DESKTOP-F1FC5DH" failures="0" tests="1" name="buffaloCartERP.VerifyUserMenuZoomedIn" time="24.847" errors="0" timestamp="2022-02-05T12:03:50 GMT" skipped="0">
  <testcase classname="buffaloCartERP.VerifyUserMenuZoomedIn" name="verifyUserCreation" time="24.847"/>
  <system-out/>
</testsuite> <!-- buffaloCartERP.VerifyUserMenuZoomedIn -->
