<?xml version="1.0" encoding="UTF-8"?>
<!-- Generated by org.testng.reporters.JUnitReportReporter -->
<testsuite hostname="DESKTOP-F1FC5DH" failures="0" tests="1" name="buffaloCartERP.BuffaloCartLoginTest" time="29.537" errors="0" timestamp="2022-01-30T17:17:23 GMT" skipped="0">
  <testcase classname="buffaloCartERP.BuffaloCartLoginTest" name="login" time="29.537"/>
  <system-out/>
</testsuite> <!-- buffaloCartERP.BuffaloCartLoginTest -->
