<?xml version="1.0" encoding="UTF-8"?>
<!-- Generated by org.testng.reporters.JUnitReportReporter -->
<testsuite hostname="DESKTOP-F1FC5DH" failures="0" tests="1" name="buffaloCartERP.VerifyLogoutTest" time="38.920" errors="0" timestamp="2022-02-05T12:33:03 GMT" skipped="0">
  <testcase classname="buffaloCartERP.VerifyLogoutTest" name="verifyUserCreation" time="38.920"/>
  <system-out/>
</testsuite> <!-- buffaloCartERP.VerifyLogoutTest -->
