<?xml version="1.0" encoding="UTF-8"?>
<!-- Generated by org.testng.reporters.JUnitReportReporter -->
<testsuite hostname="DESKTOP-F1FC5DH" failures="0" tests="1" name="buffaloCartERP.LoginTest" time="23.061" errors="0" timestamp="2022-02-04T17:50:08 GMT" skipped="0">
  <testcase classname="buffaloCartERP.LoginTest" name="verify_login" time="23.061"/>
  <system-out/>
</testsuite> <!-- buffaloCartERP.LoginTest -->
