<?xml version="1.0" encoding="UTF-8"?>
<!-- Generated by org.testng.reporters.JUnitReportReporter -->
<testsuite hostname="DESKTOP-F1FC5DH" failures="0" tests="1" name="buffaloCartERP.VerifyUserTest" time="29.299" errors="0" timestamp="2022-01-30T19:18:23 GMT" skipped="0">
  <testcase classname="buffaloCartERP.VerifyUserTest" name="verifyUser" time="29.299"/>
  <system-out/>
</testsuite> <!-- buffaloCartERP.VerifyUserTest -->
